2025-06-09 22:59:10 [CancelAllOrders] INFO: ==================================================
2025-06-09 22:59:10 [CancelAllOrders] INFO: CANCEL ALL ORDERS UTILITY
2025-06-09 22:59:10 [CancelAllOrders] INFO: ==================================================
2025-06-09 22:59:10 [CancelAllOrders] INFO: Cancelling all orders for BTCUSDT
2025-06-09 22:59:10 [CancelAllOrders] INFO: Loading credentials from .env file
2025-06-09 22:59:10 [CancelAllOrders] INFO: Loaded credentials for testnet
2025-06-09 22:59:10 [CancelAllOrders] INFO: API connection test successful
2025-06-09 22:59:10 [CancelAllOrders] INFO: Connection to Bybit API successful
2025-06-09 22:59:10 [CancelAllOrders] ERROR: Error cancelling orders: 'BybitClient' object has no attribute 'get_active_orders'
2025-06-09 23:06:57 [CancelAllOrders] INFO: ==================================================
2025-06-09 23:06:57 [CancelAllOrders] INFO: CANCEL ALL ORDERS UTILITY
2025-06-09 23:06:57 [CancelAllOrders] INFO: ==================================================
2025-06-09 23:06:57 [CancelAllOrders] INFO: Cancelling all orders for BTCUSDT
2025-06-09 23:06:57 [CancelAllOrders] INFO: Loading credentials from .env file
2025-06-09 23:06:57 [CancelAllOrders] INFO: Loaded credentials for testnet
2025-06-09 23:06:57 [CancelAllOrders] INFO: API connection test successful
2025-06-09 23:06:57 [CancelAllOrders] INFO: Connection to Bybit API successful
2025-06-09 23:06:57 [CancelAllOrders] ERROR: Error cancelling orders: 'BybitClient' object has no attribute 'get_active_orders'
2025-06-09 23:10:12 [CancelAllOrders] INFO: ==================================================
2025-06-09 23:10:12 [CancelAllOrders] INFO: CANCEL ALL ORDERS UTILITY
2025-06-09 23:10:12 [CancelAllOrders] INFO: ==================================================
2025-06-09 23:10:12 [CancelAllOrders] INFO: Cancelling all orders for BTCUSDT
2025-06-09 23:10:12 [CancelAllOrders] INFO: Loading credentials from .env file
2025-06-09 23:10:12 [CancelAllOrders] INFO: Loaded credentials for testnet
2025-06-09 23:10:13 [CancelAllOrders] INFO: API connection test successful
2025-06-09 23:10:13 [CancelAllOrders] INFO: Connection to Bybit API successful
2025-06-09 23:10:13 [CancelAllOrders] INFO: Found 20 active orders for BTCUSDT
2025-06-09 23:10:13 [CancelAllOrders] INFO: Cancelled order: 61d5492c-b1d2-4e7c-a3a7-c595d3477c8f
2025-06-09 23:10:13 [CancelAllOrders] INFO: Cancelled order: 9d586c0f-8186-47c5-b2fb-71d8440b3bfe
2025-06-09 23:10:13 [CancelAllOrders] INFO: Cancelled order: fb1b2f09-2c23-48a2-a7ba-1c030e796aaa
2025-06-09 23:10:14 [CancelAllOrders] INFO: Cancelled order: 04912059-8c05-4faf-ab4a-f8f66f9fc407
2025-06-09 23:10:14 [CancelAllOrders] INFO: Cancelled order: 7c69c6bd-4ed3-4434-b176-be497a23aec6
2025-06-09 23:10:14 [CancelAllOrders] INFO: Cancelled order: 58a3926f-a660-4bd4-93a3-a0949329c68f
2025-06-09 23:10:14 [CancelAllOrders] INFO: Cancelled order: d022e6ef-c89a-401e-ab09-e2ba6ae0c9cf
2025-06-09 23:10:14 [CancelAllOrders] INFO: Cancelled order: 2ed46735-aa90-4000-98ba-6310437d2859
2025-06-09 23:10:14 [CancelAllOrders] INFO: Cancelled order: 4b28735c-2558-40b9-94f9-c7ee2ba162bb
2025-06-09 23:10:15 [CancelAllOrders] INFO: Cancelled order: d629b50e-7f0d-43bf-82d1-2149654c2047
2025-06-09 23:10:15 [CancelAllOrders] INFO: Cancelled order: b0bb0909-ac05-4fe9-8840-05e849101266
2025-06-09 23:10:15 [CancelAllOrders] INFO: Cancelled order: 13ea7a9d-0ded-430e-be2a-864011b3a861
2025-06-09 23:10:15 [CancelAllOrders] INFO: Cancelled order: 1aa944f6-9754-4652-8a4b-c8fe93f0383e
2025-06-09 23:10:15 [CancelAllOrders] INFO: Cancelled order: 31fbb700-65d1-4c06-8f07-482b87f17370
2025-06-09 23:10:16 [CancelAllOrders] INFO: Cancelled order: 45e807b8-634b-40ec-99f9-4d09ad0eae1e
2025-06-09 23:10:16 [CancelAllOrders] INFO: Cancelled order: e0f3f9a2-057f-4504-908d-67630d8165ce
2025-06-09 23:10:16 [CancelAllOrders] INFO: Cancelled order: cf409714-fc27-48a5-b7f9-da4d2fac7379
2025-06-09 23:10:16 [CancelAllOrders] INFO: Cancelled order: b832436f-2813-4f56-999d-3f5ab22eac43
2025-06-09 23:10:17 [CancelAllOrders] INFO: Cancelled order: cc6e867c-03f7-4ec7-a33e-eaa1b94025d3
2025-06-09 23:10:17 [CancelAllOrders] INFO: Cancelled order: 82bcf61e-1706-4ecc-ae9d-079ae8fdaa2b
2025-06-09 23:10:17 [CancelAllOrders] INFO: All orders have been cancelled!
2025-06-09 23:11:42 [CancelAllOrders] INFO: ==================================================
2025-06-09 23:11:42 [CancelAllOrders] INFO: CANCEL ALL ORDERS UTILITY
2025-06-09 23:11:42 [CancelAllOrders] INFO: ==================================================
2025-06-09 23:11:42 [CancelAllOrders] INFO: Cancelling all orders for BTCUSDT
2025-06-09 23:11:42 [CancelAllOrders] INFO: Loading credentials from .env file
2025-06-09 23:11:42 [CancelAllOrders] INFO: Loaded credentials for testnet
2025-06-09 23:11:42 [CancelAllOrders] INFO: API connection test successful
2025-06-09 23:11:42 [CancelAllOrders] INFO: Connection to Bybit API successful
2025-06-09 23:11:42 [CancelAllOrders] INFO: Found 4 active orders for BTCUSDT
2025-06-09 23:11:42 [CancelAllOrders] INFO: Cancelled order: d241c688-1f98-4722-9c20-5e58a6be169d
2025-06-09 23:11:42 [CancelAllOrders] INFO: Cancelled order: 0cb3344e-adf9-4331-b702-831487b06aea
2025-06-09 23:11:42 [CancelAllOrders] INFO: Cancelled order: ab4ef338-445a-4b37-a90b-b9620f539084
2025-06-09 23:11:43 [CancelAllOrders] INFO: Cancelled order: 76afef05-4685-4e33-98da-645ff654ae3f
2025-06-09 23:11:43 [CancelAllOrders] INFO: All orders have been cancelled!
2025-06-09 23:11:49 [CancelAllOrders] INFO: ==================================================
2025-06-09 23:11:49 [CancelAllOrders] INFO: CANCEL ALL ORDERS UTILITY
2025-06-09 23:11:49 [CancelAllOrders] INFO: ==================================================
2025-06-09 23:11:49 [CancelAllOrders] INFO: Cancelling all orders for BTCUSDT
2025-06-09 23:11:49 [CancelAllOrders] INFO: Loading credentials from .env file
2025-06-09 23:11:49 [CancelAllOrders] INFO: Loaded credentials for testnet
2025-06-09 23:11:50 [CancelAllOrders] INFO: API connection test successful
2025-06-09 23:11:50 [CancelAllOrders] INFO: Connection to Bybit API successful
2025-06-09 23:11:50 [CancelAllOrders] INFO: No active orders found for BTCUSDT
